(1022, 10) (219, 10) (219, 10) (1022,) (219,) (219,)
Epoch 1/100

 1/32 [..............................] - ETA: 18s - loss: 0.7135 - accuracy: 0.5000
32/32 [==============================] - 1s 10ms/step - loss: 0.7024 - accuracy: 0.4863 - val_loss: 0.6934 - val_accuracy: 0.5251
Epoch 2/100

 1/32 [..............................] - ETA: 0s - loss: 0.6914 - accuracy: 0.4375
31/32 [============================>.] - ETA: 0s - loss: 0.6904 - accuracy: 0.5524
32/32 [==============================] - 0s 4ms/step - loss: 0.6903 - accuracy: 0.5519 - val_loss: 0.6849 - val_accuracy: 0.5845
Epoch 3/100

 1/32 [..............................] - ETA: 0s - loss: 0.6896 - accuracy: 0.5625
32/32 [==============================] - 0s 3ms/step - loss: 0.6825 - accuracy: 0.5978 - val_loss: 0.6788 - val_accuracy: 0.5434
Epoch 4/100

 1/32 [..............................] - ETA: 0s - loss: 0.6742 - accuracy: 0.5625
32/32 [==============================] - 0s 3ms/step - loss: 0.6769 - accuracy: 0.5607 - val_loss: 0.6736 - val_accuracy: 0.5342
Epoch 5/100

 1/32 [..............................] - ETA: 0s - loss: 0.6644 - accuracy: 0.5625
32/32 [==============================] - 0s 3ms/step - loss: 0.6718 - accuracy: 0.5470 - val_loss: 0.6685 - val_accuracy: 0.5388
Epoch 6/100

 1/32 [..............................] - ETA: 0s - loss: 0.6695 - accuracy: 0.5312
32/32 [==============================] - 0s 3ms/step - loss: 0.6673 - accuracy: 0.5372 - val_loss: 0.6634 - val_accuracy: 0.5708
Epoch 7/100

 1/32 [..............................] - ETA: 0s - loss: 0.6733 - accuracy: 0.5312
32/32 [==============================] - 0s 3ms/step - loss: 0.6627 - accuracy: 0.5998 - val_loss: 0.6585 - val_accuracy: 0.5982
Epoch 8/100

 1/32 [..............................] - ETA: 0s - loss: 0.6684 - accuracy: 0.5000
31/32 [============================>.] - ETA: 0s - loss: 0.6584 - accuracy: 0.6008
32/32 [==============================] - 0s 4ms/step - loss: 0.6580 - accuracy: 0.6037 - val_loss: 0.6534 - val_accuracy: 0.6530
Epoch 9/100

 1/32 [..............................] - ETA: 0s - loss: 0.6425 - accuracy: 0.6562
32/32 [==============================] - 0s 6ms/step - loss: 0.6533 - accuracy: 0.6204 - val_loss: 0.6478 - val_accuracy: 0.6804
Epoch 10/100

 1/32 [..............................] - ETA: 0s - loss: 0.6235 - accuracy: 0.7500
32/32 [==============================] - 0s 3ms/step - loss: 0.6482 - accuracy: 0.6370 - val_loss: 0.6421 - val_accuracy: 0.7215
Epoch 11/100

 1/32 [..............................] - ETA: 0s - loss: 0.6244 - accuracy: 0.7500
32/32 [==============================] - 0s 3ms/step - loss: 0.6430 - accuracy: 0.7133 - val_loss: 0.6365 - val_accuracy: 0.7352
Epoch 12/100

 1/32 [..............................] - ETA: 0s - loss: 0.6517 - accuracy: 0.6875
32/32 [==============================] - 0s 3ms/step - loss: 0.6380 - accuracy: 0.7241 - val_loss: 0.6307 - val_accuracy: 0.7580
Epoch 13/100

 1/32 [..............................] - ETA: 0s - loss: 0.6310 - accuracy: 0.8438
32/32 [==============================] - 0s 3ms/step - loss: 0.6327 - accuracy: 0.7476 - val_loss: 0.6247 - val_accuracy: 0.7763
Epoch 14/100

 1/32 [..............................] - ETA: 0s - loss: 0.5898 - accuracy: 0.9062
27/32 [========================>.....] - ETA: 0s - loss: 0.6260 - accuracy: 0.7662
32/32 [==============================] - 0s 3ms/step - loss: 0.6272 - accuracy: 0.7622 - val_loss: 0.6185 - val_accuracy: 0.7945
Epoch 15/100

 1/32 [..............................] - ETA: 0s - loss: 0.6461 - accuracy: 0.6875
32/32 [==============================] - 0s 3ms/step - loss: 0.6215 - accuracy: 0.7857 - val_loss: 0.6124 - val_accuracy: 0.7945
Epoch 16/100

 1/32 [..............................] - ETA: 0s - loss: 0.6226 - accuracy: 0.7500
31/32 [============================>.] - ETA: 0s - loss: 0.6166 - accuracy: 0.7833
32/32 [==============================] - 0s 3ms/step - loss: 0.6159 - accuracy: 0.7867 - val_loss: 0.6059 - val_accuracy: 0.8037
Epoch 17/100

 1/32 [..............................] - ETA: 0s - loss: 0.6532 - accuracy: 0.6562
31/32 [============================>.] - ETA: 0s - loss: 0.6106 - accuracy: 0.7964
32/32 [==============================] - 0s 4ms/step - loss: 0.6097 - accuracy: 0.7984 - val_loss: 0.5993 - val_accuracy: 0.8082
Epoch 18/100

 1/32 [..............................] - ETA: 0s - loss: 0.6140 - accuracy: 0.7500
32/32 [==============================] - 0s 3ms/step - loss: 0.6033 - accuracy: 0.8043 - val_loss: 0.5925 - val_accuracy: 0.8128
Epoch 19/100

 1/32 [..............................] - ETA: 0s - loss: 0.5982 - accuracy: 0.7500
31/32 [============================>.] - ETA: 0s - loss: 0.5981 - accuracy: 0.8024
32/32 [==============================] - 0s 4ms/step - loss: 0.5968 - accuracy: 0.8053 - val_loss: 0.5852 - val_accuracy: 0.8219
Epoch 20/100

 1/32 [..............................] - ETA: 0s - loss: 0.5681 - accuracy: 0.8125
32/32 [==============================] - 0s 3ms/step - loss: 0.5900 - accuracy: 0.8072 - val_loss: 0.5779 - val_accuracy: 0.8219
Epoch 21/100

 1/32 [..............................] - ETA: 0s - loss: 0.6242 - accuracy: 0.7500
31/32 [============================>.] - ETA: 0s - loss: 0.5837 - accuracy: 0.8085
32/32 [==============================] - 0s 3ms/step - loss: 0.5832 - accuracy: 0.8092 - val_loss: 0.5704 - val_accuracy: 0.8219
Epoch 22/100

 1/32 [..............................] - ETA: 0s - loss: 0.5888 - accuracy: 0.8125
32/32 [==============================] - 0s 3ms/step - loss: 0.5761 - accuracy: 0.8219 - val_loss: 0.5629 - val_accuracy: 0.8219
Epoch 23/100

 1/32 [..............................] - ETA: 0s - loss: 0.4931 - accuracy: 0.9062
32/32 [==============================] - 0s 3ms/step - loss: 0.5687 - accuracy: 0.8160 - val_loss: 0.5551 - val_accuracy: 0.8265
Epoch 24/100

 1/32 [..............................] - ETA: 0s - loss: 0.5369 - accuracy: 0.7500
32/32 [==============================] - 0s 3ms/step - loss: 0.5612 - accuracy: 0.8219 - val_loss: 0.5472 - val_accuracy: 0.8265
Epoch 25/100

 1/32 [..............................] - ETA: 0s - loss: 0.5837 - accuracy: 0.7500
31/32 [============================>.] - ETA: 0s - loss: 0.5532 - accuracy: 0.8256
32/32 [==============================] - 0s 4ms/step - loss: 0.5533 - accuracy: 0.8249 - val_loss: 0.5393 - val_accuracy: 0.8265
Epoch 26/100

 1/32 [..............................] - ETA: 0s - loss: 0.5564 - accuracy: 0.8750
32/32 [==============================] - 0s 3ms/step - loss: 0.5457 - accuracy: 0.8297 - val_loss: 0.5311 - val_accuracy: 0.8265
Epoch 27/100

 1/32 [..............................] - ETA: 0s - loss: 0.5181 - accuracy: 0.8125
32/32 [==============================] - 0s 3ms/step - loss: 0.5378 - accuracy: 0.8278 - val_loss: 0.5227 - val_accuracy: 0.8402
Epoch 28/100

 1/32 [..............................] - ETA: 0s - loss: 0.5043 - accuracy: 0.9375
32/32 [==============================] - 0s 3ms/step - loss: 0.5295 - accuracy: 0.8317 - val_loss: 0.5143 - val_accuracy: 0.8493
Epoch 29/100

 1/32 [..............................] - ETA: 0s - loss: 0.4804 - accuracy: 0.8750
32/32 [==============================] - ETA: 0s - loss: 0.5209 - accuracy: 0.8483
32/32 [==============================] - 0s 4ms/step - loss: 0.5209 - accuracy: 0.8483 - val_loss: 0.5064 - val_accuracy: 0.8356
Epoch 30/100

 1/32 [..............................] - ETA: 0s - loss: 0.5082 - accuracy: 0.8438
32/32 [==============================] - 0s 3ms/step - loss: 0.5131 - accuracy: 0.8405 - val_loss: 0.4976 - val_accuracy: 0.8539
Epoch 31/100

 1/32 [..............................] - ETA: 0s - loss: 0.5465 - accuracy: 0.8125
32/32 [==============================] - 0s 3ms/step - loss: 0.5047 - accuracy: 0.8434 - val_loss: 0.4892 - val_accuracy: 0.8539
Epoch 32/100

 1/32 [..............................] - ETA: 0s - loss: 0.4816 - accuracy: 0.8750
32/32 [==============================] - 0s 4ms/step - loss: 0.4966 - accuracy: 0.8483 - val_loss: 0.4807 - val_accuracy: 0.8676
Epoch 33/100

 1/32 [..............................] - ETA: 0s - loss: 0.5103 - accuracy: 0.7812
32/32 [==============================] - 0s 3ms/step - loss: 0.4884 - accuracy: 0.8503 - val_loss: 0.4725 - val_accuracy: 0.8630
Epoch 34/100

 1/32 [..............................] - ETA: 0s - loss: 0.4867 - accuracy: 0.8438
28/32 [=========================>....] - ETA: 0s - loss: 0.4813 - accuracy: 0.8583
32/32 [==============================] - 0s 4ms/step - loss: 0.4797 - accuracy: 0.8591 - val_loss: 0.4643 - val_accuracy: 0.8630
Epoch 35/100

 1/32 [..............................] - ETA: 0s - loss: 0.4781 - accuracy: 0.9062
27/32 [========================>.....] - ETA: 0s - loss: 0.4683 - accuracy: 0.8542
32/32 [==============================] - 0s 4ms/step - loss: 0.4715 - accuracy: 0.8552 - val_loss: 0.4563 - val_accuracy: 0.8630
Epoch 36/100

 1/32 [..............................] - ETA: 0s - loss: 0.4040 - accuracy: 0.9688
32/32 [==============================] - 0s 3ms/step - loss: 0.4636 - accuracy: 0.8562 - val_loss: 0.4482 - val_accuracy: 0.8676
Epoch 37/100

 1/32 [..............................] - ETA: 0s - loss: 0.4424 - accuracy: 0.9062
30/32 [===========================>..] - ETA: 0s - loss: 0.4528 - accuracy: 0.8667
32/32 [==============================] - 0s 4ms/step - loss: 0.4554 - accuracy: 0.8650 - val_loss: 0.4405 - val_accuracy: 0.8630
Epoch 38/100

 1/32 [..............................] - ETA: 0s - loss: 0.4332 - accuracy: 0.9375
29/32 [==========================>...] - ETA: 0s - loss: 0.4487 - accuracy: 0.8556
32/32 [==============================] - 0s 3ms/step - loss: 0.4470 - accuracy: 0.8571 - val_loss: 0.4329 - val_accuracy: 0.8721
Epoch 39/100

 1/32 [..............................] - ETA: 0s - loss: 0.4390 - accuracy: 0.8438
32/32 [==============================] - ETA: 0s - loss: 0.4393 - accuracy: 0.8620
32/32 [==============================] - 0s 4ms/step - loss: 0.4393 - accuracy: 0.8620 - val_loss: 0.4255 - val_accuracy: 0.8630
Epoch 40/100

 1/32 [..............................] - ETA: 0s - loss: 0.4033 - accuracy: 0.9062
32/32 [==============================] - 0s 3ms/step - loss: 0.4318 - accuracy: 0.8679 - val_loss: 0.4182 - val_accuracy: 0.8676
Epoch 41/100

 1/32 [..............................] - ETA: 0s - loss: 0.4557 - accuracy: 0.9062
32/32 [==============================] - 0s 3ms/step - loss: 0.4242 - accuracy: 0.8718 - val_loss: 0.4111 - val_accuracy: 0.8676
Epoch 42/100

 1/32 [..............................] - ETA: 0s - loss: 0.4499 - accuracy: 0.8125
32/32 [==============================] - ETA: 0s - loss: 0.4170 - accuracy: 0.8708
32/32 [==============================] - 0s 4ms/step - loss: 0.4170 - accuracy: 0.8708 - val_loss: 0.4041 - val_accuracy: 0.8630
Epoch 43/100

 1/32 [..............................] - ETA: 0s - loss: 0.3732 - accuracy: 0.9375
32/32 [==============================] - ETA: 0s - loss: 0.4101 - accuracy: 0.8689
32/32 [==============================] - 0s 4ms/step - loss: 0.4101 - accuracy: 0.8689 - val_loss: 0.3974 - val_accuracy: 0.8630
Epoch 44/100

 1/32 [..............................] - ETA: 0s - loss: 0.3927 - accuracy: 0.8750
30/32 [===========================>..] - ETA: 0s - loss: 0.4023 - accuracy: 0.8719
32/32 [==============================] - 0s 4ms/step - loss: 0.4028 - accuracy: 0.8718 - val_loss: 0.3910 - val_accuracy: 0.8676
Epoch 45/100

 1/32 [..............................] - ETA: 0s - loss: 0.3768 - accuracy: 0.9062
31/32 [============================>.] - ETA: 0s - loss: 0.3984 - accuracy: 0.8690
32/32 [==============================] - 0s 3ms/step - loss: 0.3961 - accuracy: 0.8708 - val_loss: 0.3844 - val_accuracy: 0.8630
Epoch 46/100

 1/32 [..............................] - ETA: 0s - loss: 0.4343 - accuracy: 0.8125
32/32 [==============================] - 0s 4ms/step - loss: 0.3895 - accuracy: 0.8767 - val_loss: 0.3782 - val_accuracy: 0.8676
Epoch 47/100

 1/32 [..............................] - ETA: 0s - loss: 0.4182 - accuracy: 0.8438
27/32 [========================>.....] - ETA: 0s - loss: 0.3816 - accuracy: 0.8715
32/32 [==============================] - 0s 4ms/step - loss: 0.3832 - accuracy: 0.8748 - val_loss: 0.3723 - val_accuracy: 0.8676
Epoch 48/100

 1/32 [..............................] - ETA: 0s - loss: 0.3833 - accuracy: 0.8438
29/32 [==========================>...] - ETA: 0s - loss: 0.3788 - accuracy: 0.8718
32/32 [==============================] - 0s 4ms/step - loss: 0.3770 - accuracy: 0.8728 - val_loss: 0.3666 - val_accuracy: 0.8676
Epoch 49/100

 1/32 [..............................] - ETA: 0s - loss: 0.3405 - accuracy: 0.8750
32/32 [==============================] - ETA: 0s - loss: 0.3708 - accuracy: 0.8767
32/32 [==============================] - 0s 4ms/step - loss: 0.3708 - accuracy: 0.8767 - val_loss: 0.3612 - val_accuracy: 0.8676
Epoch 50/100

 1/32 [..............................] - ETA: 0s - loss: 0.3709 - accuracy: 0.8750
25/32 [======================>.......] - ETA: 0s - loss: 0.3703 - accuracy: 0.8763
32/32 [==============================] - 0s 4ms/step - loss: 0.3654 - accuracy: 0.8757 - val_loss: 0.3561 - val_accuracy: 0.8676
Epoch 51/100

 1/32 [..............................] - ETA: 0s - loss: 0.3054 - accuracy: 0.8750
30/32 [===========================>..] - ETA: 0s - loss: 0.3585 - accuracy: 0.8740
32/32 [==============================] - 0s 4ms/step - loss: 0.3598 - accuracy: 0.8757 - val_loss: 0.3513 - val_accuracy: 0.8676
Epoch 52/100

 1/32 [..............................] - ETA: 0s - loss: 0.2896 - accuracy: 0.9375
31/32 [============================>.] - ETA: 0s - loss: 0.3569 - accuracy: 0.8780
32/32 [==============================] - 0s 4ms/step - loss: 0.3548 - accuracy: 0.8796 - val_loss: 0.3468 - val_accuracy: 0.8721
Epoch 53/100

 1/32 [..............................] - ETA: 0s - loss: 0.4107 - accuracy: 0.8125
28/32 [=========================>....] - ETA: 0s - loss: 0.3475 - accuracy: 0.8772
32/32 [==============================] - 0s 4ms/step - loss: 0.3499 - accuracy: 0.8787 - val_loss: 0.3425 - val_accuracy: 0.8767
Epoch 54/100

 1/32 [..............................] - ETA: 0s - loss: 0.3128 - accuracy: 0.8750
29/32 [==========================>...] - ETA: 0s - loss: 0.3464 - accuracy: 0.8836
32/32 [==============================] - 0s 4ms/step - loss: 0.3453 - accuracy: 0.8796 - val_loss: 0.3385 - val_accuracy: 0.8767
Epoch 55/100

 1/32 [..............................] - ETA: 0s - loss: 0.3184 - accuracy: 0.9062
27/32 [========================>.....] - ETA: 0s - loss: 0.3357 - accuracy: 0.8854
32/32 [==============================] - 0s 4ms/step - loss: 0.3410 - accuracy: 0.8777 - val_loss: 0.3347 - val_accuracy: 0.8767
Epoch 56/100

 1/32 [..............................] - ETA: 0s - loss: 0.4271 - accuracy: 0.7188
29/32 [==========================>...] - ETA: 0s - loss: 0.3383 - accuracy: 0.8772
32/32 [==============================] - 0s 4ms/step - loss: 0.3371 - accuracy: 0.8777 - val_loss: 0.3315 - val_accuracy: 0.8767
Epoch 57/100

 1/32 [..............................] - ETA: 0s - loss: 0.2487 - accuracy: 0.9688
25/32 [======================>.......] - ETA: 0s - loss: 0.3374 - accuracy: 0.8725
32/32 [==============================] - 0s 4ms/step - loss: 0.3336 - accuracy: 0.8787 - val_loss: 0.3279 - val_accuracy: 0.8767
Epoch 58/100

 1/32 [..............................] - ETA: 0s - loss: 0.3085 - accuracy: 0.9375
32/32 [==============================] - 0s 3ms/step - loss: 0.3298 - accuracy: 0.8816 - val_loss: 0.3247 - val_accuracy: 0.8767
Epoch 59/100

 1/32 [..............................] - ETA: 0s - loss: 0.2784 - accuracy: 0.9375
25/32 [======================>.......] - ETA: 0s - loss: 0.3286 - accuracy: 0.8763
32/32 [==============================] - 0s 3ms/step - loss: 0.3264 - accuracy: 0.8767 - val_loss: 0.3218 - val_accuracy: 0.8813
Epoch 60/100

 1/32 [..............................] - ETA: 0s - loss: 0.2371 - accuracy: 0.9375
32/32 [==============================] - 0s 3ms/step - loss: 0.3235 - accuracy: 0.8826 - val_loss: 0.3195 - val_accuracy: 0.8721
Epoch 61/100

 1/32 [..............................] - ETA: 0s - loss: 0.2334 - accuracy: 0.9062
24/32 [=====================>........] - ETA: 0s - loss: 0.3244 - accuracy: 0.8763
32/32 [==============================] - 0s 4ms/step - loss: 0.3210 - accuracy: 0.8816 - val_loss: 0.3167 - val_accuracy: 0.8813
Epoch 62/100

 1/32 [..............................] - ETA: 0s - loss: 0.3031 - accuracy: 0.9062
32/32 [==============================] - 0s 3ms/step - loss: 0.3172 - accuracy: 0.8806 - val_loss: 0.3150 - val_accuracy: 0.8721
Epoch 63/100

 1/32 [..............................] - ETA: 0s - loss: 0.4548 - accuracy: 0.7188
32/32 [==============================] - 0s 3ms/step - loss: 0.3155 - accuracy: 0.8836 - val_loss: 0.3120 - val_accuracy: 0.8721
Epoch 64/100

 1/32 [..............................] - ETA: 0s - loss: 0.3423 - accuracy: 0.8750
32/32 [==============================] - 0s 3ms/step - loss: 0.3125 - accuracy: 0.8796 - val_loss: 0.3096 - val_accuracy: 0.8767
Epoch 65/100

 1/32 [..............................] - ETA: 0s - loss: 0.3700 - accuracy: 0.8750
29/32 [==========================>...] - ETA: 0s - loss: 0.3018 - accuracy: 0.8890
32/32 [==============================] - 0s 3ms/step - loss: 0.3105 - accuracy: 0.8816 - val_loss: 0.3077 - val_accuracy: 0.8767
Epoch 66/100

 1/32 [..............................] - ETA: 0s - loss: 0.3218 - accuracy: 0.8750
32/32 [==============================] - 0s 3ms/step - loss: 0.3081 - accuracy: 0.8826 - val_loss: 0.3054 - val_accuracy: 0.8767
Epoch 67/100

 1/32 [..............................] - ETA: 0s - loss: 0.4140 - accuracy: 0.8125
32/32 [==============================] - 0s 3ms/step - loss: 0.3055 - accuracy: 0.8816 - val_loss: 0.3036 - val_accuracy: 0.8767
Epoch 68/100

 1/32 [..............................] - ETA: 0s - loss: 0.4187 - accuracy: 0.8438
32/32 [==============================] - 0s 2ms/step - loss: 0.3034 - accuracy: 0.8836 - val_loss: 0.3020 - val_accuracy: 0.8721
Epoch 69/100

 1/32 [..............................] - ETA: 0s - loss: 0.2238 - accuracy: 0.9688
32/32 [==============================] - 0s 3ms/step - loss: 0.3019 - accuracy: 0.8826 - val_loss: 0.3002 - val_accuracy: 0.8767
Epoch 70/100

 1/32 [..............................] - ETA: 0s - loss: 0.2024 - accuracy: 0.9062
32/32 [==============================] - 0s 3ms/step - loss: 0.3001 - accuracy: 0.8826 - val_loss: 0.2986 - val_accuracy: 0.8767
Epoch 71/100

 1/32 [..............................] - ETA: 0s - loss: 0.2725 - accuracy: 0.9062
32/32 [==============================] - 0s 3ms/step - loss: 0.2983 - accuracy: 0.8806 - val_loss: 0.2973 - val_accuracy: 0.8767
Epoch 72/100

 1/32 [..............................] - ETA: 0s - loss: 0.3322 - accuracy: 0.8438
32/32 [==============================] - 0s 3ms/step - loss: 0.2961 - accuracy: 0.8845 - val_loss: 0.2967 - val_accuracy: 0.8767
Epoch 73/100

 1/32 [..............................] - ETA: 0s - loss: 0.3005 - accuracy: 0.8125
32/32 [==============================] - 0s 3ms/step - loss: 0.2958 - accuracy: 0.8816 - val_loss: 0.2944 - val_accuracy: 0.8767
Epoch 74/100

 1/32 [..............................] - ETA: 0s - loss: 0.1641 - accuracy: 1.0000
32/32 [==============================] - 0s 3ms/step - loss: 0.2933 - accuracy: 0.8875 - val_loss: 0.2934 - val_accuracy: 0.8767
Epoch 75/100

 1/32 [..............................] - ETA: 0s - loss: 0.3914 - accuracy: 0.8438
32/32 [==============================] - 0s 2ms/step - loss: 0.2921 - accuracy: 0.8836 - val_loss: 0.2919 - val_accuracy: 0.8767
Epoch 76/100

 1/32 [..............................] - ETA: 0s - loss: 0.3616 - accuracy: 0.8438
32/32 [==============================] - 0s 3ms/step - loss: 0.2907 - accuracy: 0.8855 - val_loss: 0.2908 - val_accuracy: 0.8767
Epoch 77/100

 1/32 [..............................] - ETA: 0s - loss: 0.2843 - accuracy: 0.8438
32/32 [==============================] - 0s 3ms/step - loss: 0.2893 - accuracy: 0.8816 - val_loss: 0.2899 - val_accuracy: 0.8767
Epoch 78/100

 1/32 [..............................] - ETA: 0s - loss: 0.2848 - accuracy: 0.9062
32/32 [==============================] - 0s 3ms/step - loss: 0.2881 - accuracy: 0.8855 - val_loss: 0.2892 - val_accuracy: 0.8858
Epoch 79/100

 1/32 [..............................] - ETA: 0s - loss: 0.2712 - accuracy: 0.9062
32/32 [==============================] - 0s 3ms/step - loss: 0.2866 - accuracy: 0.8865 - val_loss: 0.2877 - val_accuracy: 0.8721
Epoch 80/100

 1/32 [..............................] - ETA: 0s - loss: 0.2803 - accuracy: 0.9062
32/32 [==============================] - 0s 3ms/step - loss: 0.2858 - accuracy: 0.8855 - val_loss: 0.2865 - val_accuracy: 0.8767
Epoch 81/100

 1/32 [..............................] - ETA: 0s - loss: 0.1336 - accuracy: 0.9688
32/32 [==============================] - 0s 2ms/step - loss: 0.2839 - accuracy: 0.8855 - val_loss: 0.2861 - val_accuracy: 0.8721
Epoch 82/100

 1/32 [..............................] - ETA: 0s - loss: 0.2054 - accuracy: 0.9688
32/32 [==============================] - 0s 3ms/step - loss: 0.2838 - accuracy: 0.8855 - val_loss: 0.2849 - val_accuracy: 0.8721
Epoch 83/100

 1/32 [..............................] - ETA: 0s - loss: 0.2023 - accuracy: 0.9688
32/32 [==============================] - 0s 2ms/step - loss: 0.2828 - accuracy: 0.8836 - val_loss: 0.2838 - val_accuracy: 0.8721
Epoch 84/100

 1/32 [..............................] - ETA: 0s - loss: 0.4088 - accuracy: 0.7500
32/32 [==============================] - 0s 3ms/step - loss: 0.2809 - accuracy: 0.8845 - val_loss: 0.2852 - val_accuracy: 0.8858
Epoch 85/100

 1/32 [..............................] - ETA: 0s - loss: 0.2082 - accuracy: 0.9688
32/32 [==============================] - 0s 2ms/step - loss: 0.2805 - accuracy: 0.8845 - val_loss: 0.2836 - val_accuracy: 0.8858
Epoch 86/100

 1/32 [..............................] - ETA: 0s - loss: 0.3236 - accuracy: 0.8438
32/32 [==============================] - 0s 3ms/step - loss: 0.2792 - accuracy: 0.8826 - val_loss: 0.2814 - val_accuracy: 0.8721
Epoch 87/100

 1/32 [..............................] - ETA: 0s - loss: 0.2357 - accuracy: 0.9062
32/32 [==============================] - 0s 3ms/step - loss: 0.2790 - accuracy: 0.8865 - val_loss: 0.2818 - val_accuracy: 0.8904
Epoch 88/100

 1/32 [..............................] - ETA: 0s - loss: 0.2066 - accuracy: 0.8750
32/32 [==============================] - 0s 3ms/step - loss: 0.2777 - accuracy: 0.8806 - val_loss: 0.2801 - val_accuracy: 0.8858
Epoch 89/100

 1/32 [..............................] - ETA: 0s - loss: 0.2854 - accuracy: 0.8750
32/32 [==============================] - 0s 3ms/step - loss: 0.2775 - accuracy: 0.8894 - val_loss: 0.2805 - val_accuracy: 0.8904
Epoch 90/100

 1/32 [..............................] - ETA: 0s - loss: 0.1590 - accuracy: 0.9688
32/32 [==============================] - 0s 3ms/step - loss: 0.2766 - accuracy: 0.8826 - val_loss: 0.2793 - val_accuracy: 0.8904
Epoch 91/100

 1/32 [..............................] - ETA: 0s - loss: 0.2674 - accuracy: 0.9062
32/32 [==============================] - 0s 3ms/step - loss: 0.2759 - accuracy: 0.8845 - val_loss: 0.2779 - val_accuracy: 0.8858
Epoch 92/100

 1/32 [..............................] - ETA: 0s - loss: 0.1527 - accuracy: 0.9688
32/32 [==============================] - 0s 3ms/step - loss: 0.2741 - accuracy: 0.8885 - val_loss: 0.2792 - val_accuracy: 0.8858
Epoch 93/100

 1/32 [..............................] - ETA: 0s - loss: 0.2743 - accuracy: 0.8438
32/32 [==============================] - 0s 3ms/step - loss: 0.2738 - accuracy: 0.8885 - val_loss: 0.2789 - val_accuracy: 0.8904
Epoch 94/100

 1/32 [..............................] - ETA: 0s - loss: 0.1752 - accuracy: 0.9375
32/32 [==============================] - 0s 3ms/step - loss: 0.2731 - accuracy: 0.8904 - val_loss: 0.2760 - val_accuracy: 0.8721
Epoch 95/100

 1/32 [..............................] - ETA: 0s - loss: 0.2746 - accuracy: 0.9375
32/32 [==============================] - 0s 3ms/step - loss: 0.2709 - accuracy: 0.8875 - val_loss: 0.2784 - val_accuracy: 0.8904
Epoch 96/100

 1/32 [..............................] - ETA: 0s - loss: 0.2253 - accuracy: 0.9062
32/32 [==============================] - 0s 3ms/step - loss: 0.2717 - accuracy: 0.8875 - val_loss: 0.2750 - val_accuracy: 0.8858
Epoch 97/100

 1/32 [..............................] - ETA: 0s - loss: 0.4132 - accuracy: 0.7812
32/32 [==============================] - 0s 3ms/step - loss: 0.2718 - accuracy: 0.8904 - val_loss: 0.2740 - val_accuracy: 0.8767
Epoch 98/100

 1/32 [..............................] - ETA: 0s - loss: 0.2969 - accuracy: 0.9062
32/32 [==============================] - 0s 3ms/step - loss: 0.2696 - accuracy: 0.8943 - val_loss: 0.2759 - val_accuracy: 0.8904
Epoch 99/100

 1/32 [..............................] - ETA: 0s - loss: 0.2559 - accuracy: 0.9062
32/32 [==============================] - 0s 3ms/step - loss: 0.2695 - accuracy: 0.8885 - val_loss: 0.2730 - val_accuracy: 0.8858
Epoch 100/100

 1/32 [..............................] - ETA: 0s - loss: 0.2373 - accuracy: 0.9062
32/32 [==============================] - 0s 3ms/step - loss: 0.2694 - accuracy: 0.8904 - val_loss: 0.2725 - val_accuracy: 0.8767

1/7 [===>..........................] - ETA: 0s - loss: 0.3087 - accuracy: 0.8750
7/7 [==============================] - 0s 0s/step - loss: 0.3481 - accuracy: 0.8858
Result:0.8858447670936584
